SplashApp/build/intermediates/proguard-rules/release/aapt_rules.txt
# Referenced at res\layout\design_bottom_navigation_item.xml:26
-keep class android.support.design.internal.BaselineLayout { <init>(...); }

# Referenced at res\layout\design_navigation_item.xml:17
-keep class android.support.design.internal.NavigationMenuItemView { <init>(...); }

# Referenced at res\layout\design_navigation_menu.xml:17
-keep class android.support.design.internal.NavigationMenuView { <init>(...); }

# Referenced at res\layout\design_layout_snackbar_include.xml:18
-keep class android.support.design.internal.SnackbarContentLayout { <init>(...); }

# Referenced at res\layout\design_text_input_password_icon.xml:18
-keep class android.support.design.widget.CheckableImageButton { <init>(...); }

# Referenced at res\layout\design_bottom_sheet_dialog.xml:26
-keep class android.support.design.widget.CoordinatorLayout { <init>(...); }

# Referenced at res\layout\activity_home.xml:504
-keep class android.support.design.widget.NavigationView { <init>(...); }

# Referenced at res\layout-sw600dp-v13\design_layout_snackbar.xml:18
# Referenced at res\layout\design_layout_snackbar.xml:18
-keep class android.support.design.widget.Snackbar$SnackbarLayout { <init>(...); }

# Referenced at full\release\AndroidManifest.xml:193
-keep class android.support.v4.content.FileProvider { <init>(...); }

# Referenced at res\layout\activity_quick_tour.xml:8
-keep class android.support.v4.view.ViewPager { <init>(...); }

# Referenced at res\layout\activity_home.xml:2
-keep class android.support.v4.widget.DrawerLayout { <init>(...); }

# Referenced at res\layout\abc_alert_dialog_material.xml:41
-keep class android.support.v4.widget.NestedScrollView { <init>(...); }

# Referenced at res\layout\abc_select_dialog_material.xml:23
-keep class android.support.v7.app.AlertController$RecycleListView { <init>(...); }

# Referenced at res\layout\mr_volume_control.xml:43
-keep class android.support.v7.app.MediaRouteExpandCollapseButton { <init>(...); }

# Referenced at res\layout\mr_controller_volume_item.xml:43
# Referenced at res\layout\mr_volume_control.xml:34
-keep class android.support.v7.app.MediaRouteVolumeSlider { <init>(...); }

# Referenced at res\layout\mr_controller_material_dialog_b.xml:87
-keep class android.support.v7.app.OverlayListView { <init>(...); }

# Referenced at res\layout\abc_action_menu_item_layout.xml:17
-keep class android.support.v7.view.menu.ActionMenuItemView { <init>(...); }

# Referenced at res\layout\abc_expanded_menu_layout.xml:17
-keep class android.support.v7.view.menu.ExpandedMenuView { <init>(...); }

# Referenced at res\layout\abc_list_menu_item_layout.xml:17
# Referenced at res\layout\abc_popup_menu_item_layout.xml:17
-keep class android.support.v7.view.menu.ListMenuItemView { <init>(...); }

# Referenced at res\layout-v26\abc_screen_toolbar.xml:27
# Referenced at res\layout\abc_screen_toolbar.xml:27
-keep class android.support.v7.widget.ActionBarContainer { <init>(...); }

# Referenced at res\layout-v26\abc_screen_toolbar.xml:44
# Referenced at res\layout\abc_action_mode_bar.xml:19
# Referenced at res\layout\abc_screen_toolbar.xml:43
-keep class android.support.v7.widget.ActionBarContextView { <init>(...); }

# Referenced at res\layout-v26\abc_screen_toolbar.xml:17
# Referenced at res\layout\abc_screen_toolbar.xml:17
-keep class android.support.v7.widget.ActionBarOverlayLayout { <init>(...); }

# Referenced at res\layout\abc_action_menu_layout.xml:17
-keep class android.support.v7.widget.ActionMenuView { <init>(...); }

# Referenced at res\layout\abc_activity_chooser_view.xml:19
-keep class android.support.v7.widget.ActivityChooserView$InnerLayout { <init>(...); }

# Referenced at res\layout\abc_alert_dialog_material.xml:18
-keep class android.support.v7.widget.AlertDialogLayout { <init>(...); }

# Referenced at res\layout\com_facebook_device_auth_dialog_fragment.xml:45
# Referenced at res\layout\com_facebook_smart_device_dialog_fragment.xml:47
-keep class android.support.v7.widget.AppCompatImageView { <init>(...); }

# Referenced at res\layout-watch-v20\abc_alert_dialog_button_bar_material.xml:18
# Referenced at res\layout\abc_alert_dialog_button_bar_material.xml:26
-keep class android.support.v7.widget.ButtonBarLayout { <init>(...); }

# Referenced at res\layout\splasher_row.xml:9
# Referenced at res\layout\com_facebook_device_auth_dialog_fragment.xml:22
# Referenced at res\layout\com_facebook_smart_device_dialog_fragment.xml:22
-keep class android.support.v7.widget.CardView { <init>(...); }

# Referenced at res\layout\abc_screen_content_include.xml:19
-keep class android.support.v7.widget.ContentFrameLayout { <init>(...); }

# Referenced at res\layout-watch-v20\abc_alert_dialog_title_material.xml:44
# Referenced at res\layout\abc_alert_dialog_title_material.xml:45
-keep class android.support.v7.widget.DialogTitle { <init>(...); }

# Referenced at res\layout\abc_screen_simple_overlay_action_mode.xml:23
-keep class android.support.v7.widget.FitWindowsFrameLayout { <init>(...); }

# Referenced at res\layout\abc_dialog_title_material.xml:22
# Referenced at res\layout\abc_screen_simple.xml:17
-keep class android.support.v7.widget.FitWindowsLinearLayout { <init>(...); }

# Referenced at res\layout\abc_search_view.xml:75
-keep class android.support.v7.widget.SearchView$SearchAutoComplete { <init>(...); }

# Referenced at res\layout-v26\abc_screen_toolbar.xml:37
# Referenced at res\layout\abc_screen_toolbar.xml:36
-keep class android.support.v7.widget.Toolbar { <init>(...); }

# Referenced at res\layout\abc_screen_simple.xml:25
# Referenced at res\layout\abc_screen_simple_overlay_action_mode.xml:32
-keep class android.support.v7.widget.ViewStubCompat { <init>(...); }

# Referenced at res\layout-watch-v20\abc_alert_dialog_title_material.xml:53
# Referenced at res\layout\abc_alert_dialog_button_bar_material.xml:43
# Referenced at res\layout\abc_alert_dialog_material.xml:52
# Referenced at res\layout\abc_alert_dialog_material.xml:66
# Referenced at res\layout\abc_alert_dialog_title_material.xml:56
-keep class android.widget.Space { <init>(...); }

# Referenced at res\layout\browser_actions_context_menu_page.xml:5
-keep class androidx.browser.browseractions.BrowserActionsFallbackMenuView { <init>(...); }

# Referenced at full\release\AndroidManifest.xml:82
-keep class com.facebook.CustomTabActivity { <init>(...); }

# Referenced at full\release\AndroidManifest.xml:207
-keep class com.facebook.CustomTabMainActivity { <init>(...); }

# Referenced at full\release\AndroidManifest.xml:77
-keep class com.facebook.FacebookActivity { <init>(...); }

# Referenced at full\release\AndroidManifest.xml:318
-keep class com.facebook.internal.FacebookInitProvider { <init>(...); }

# Referenced at full\release\AndroidManifest.xml:301
-keep class com.firebase.jobdispatcher.GooglePlayReceiver { <init>(...); }

# Referenced at full\release\AndroidManifest.xml:283
-keep class com.google.android.gms.common.api.GoogleApiActivity { <init>(...); }

# Referenced at res\layout\activity_home.xml:11
# Referenced at res\layout\activity_splasher_client_route.xml:8
-keep class com.google.android.gms.maps.SupportMapFragment { <init>(...); }

# Referenced at full\release\AndroidManifest.xml:241
-keep class com.google.android.gms.measurement.AppMeasurementInstallReferrerReceiver { <init>(...); }

# Referenced at full\release\AndroidManifest.xml:255
-keep class com.google.android.gms.measurement.AppMeasurementJobService { <init>(...); }

# Referenced at full\release\AndroidManifest.xml:236
-keep class com.google.android.gms.measurement.AppMeasurementReceiver { <init>(...); }

# Referenced at full\release\AndroidManifest.xml:251
-keep class com.google.android.gms.measurement.AppMeasurementService { <init>(...); }

# Referenced at full\release\AndroidManifest.xml:227
-keep class com.google.firebase.components.ComponentDiscoveryService { <init>(...); }

# Referenced at full\release\AndroidManifest.xml:261
-keep class com.google.firebase.iid.FirebaseInstanceIdReceiver { <init>(...); }

# Referenced at full\release\AndroidManifest.xml:275
-keep class com.google.firebase.iid.FirebaseInstanceIdService { <init>(...); }

# Referenced at full\release\AndroidManifest.xml:220
-keep class com.google.firebase.messaging.FirebaseMessagingService { <init>(...); }

# Referenced at full\release\AndroidManifest.xml:288
-keep class com.google.firebase.provider.FirebaseInitProvider { <init>(...); }

# Referenced at full\release\AndroidManifest.xml:40
-keep class com.nomadapp.splash.model.server.StarterApplication { <init>(...); }

# Referenced at full\release\AndroidManifest.xml:140
-keep class com.nomadapp.splash.ui.activity.carownerside.AddressAdditionActivity { <init>(...); }

# Referenced at full\release\AndroidManifest.xml:115
-keep class com.nomadapp.splash.ui.activity.carownerside.CarAdditionActivity { <init>(...); }

# Referenced at full\release\AndroidManifest.xml:125
-keep class com.nomadapp.splash.ui.activity.carownerside.DetailedImageComparisonActivity { <init>(...); }

# Referenced at full\release\AndroidManifest.xml:203
-keep class com.nomadapp.splash.ui.activity.carownerside.QuickTourActivity { <init>(...); }

# Referenced at full\release\AndroidManifest.xml:111
-keep class com.nomadapp.splash.ui.activity.carownerside.WashReqParamsActivity { <init>(...); }

# Referenced at full\release\AndroidManifest.xml:122
-keep class com.nomadapp.splash.ui.activity.carownerside.WashServiceShowActivity { <init>(...); }

# Referenced at full\release\AndroidManifest.xml:179
-keep class com.nomadapp.splash.ui.activity.carownerside.payment.PaymentBillActivity { <init>(...); }

# Referenced at full\release\AndroidManifest.xml:137
-keep class com.nomadapp.splash.ui.activity.carownerside.payment.PaymentSettingsActivity { <init>(...); }

# Referenced at full\release\AndroidManifest.xml:119
-keep class com.nomadapp.splash.ui.activity.splasherside.SplasherCameraActivity { <init>(...); }

# Referenced at full\release\AndroidManifest.xml:107
-keep class com.nomadapp.splash.ui.activity.splasherside.SplasherClientRouteActivity { <init>(...); }

# Referenced at full\release\AndroidManifest.xml:103
-keep class com.nomadapp.splash.ui.activity.splasherside.WashRequestsActivity { <init>(...); }

# Referenced at full\release\AndroidManifest.xml:146
-keep class com.nomadapp.splash.ui.activity.standard.AboutActivity { <init>(...); }

# Referenced at full\release\AndroidManifest.xml:182
-keep class com.nomadapp.splash.ui.activity.standard.AccountActivity { <init>(...); }

# Referenced at full\release\AndroidManifest.xml:143
-keep class com.nomadapp.splash.ui.activity.standard.AlertsActivity { <init>(...); }

# Referenced at full\release\AndroidManifest.xml:185
-keep class com.nomadapp.splash.ui.activity.standard.ContactUsActivity { <init>(...); }

# Referenced at full\release\AndroidManifest.xml:96
-keep class com.nomadapp.splash.ui.activity.standard.HomeActivity { <init>(...); }

# Referenced at full\release\AndroidManifest.xml:48
-keep class com.nomadapp.splash.ui.activity.standard.SignUpLogInActivity { <init>(...); }

# Referenced at full\release\AndroidManifest.xml:128
-keep class com.nomadapp.splash.ui.activity.standard.SplashScreenActivity { <init>(...); }

# Referenced at full\release\AndroidManifest.xml:100
-keep class com.nomadapp.splash.ui.activity.standard.SplasherApplicationActivity { <init>(...); }

# Referenced at full\release\AndroidManifest.xml:176
-keep class com.nomadapp.splash.ui.activity.standard.web.WebActivity { <init>(...); }

# Referenced at res\layout\activity_home.xml:472
-keep class com.nomadapp.splash.utils.radar.RadarView { <init>(...); }

# Referenced at full\release\AndroidManifest.xml:165
-keep class com.parse.ParsePushBroadcastReceiver { <init>(...); }

# Referenced at full\release\AndroidManifest.xml:152
-keep class com.parse.fcm.ParseFirebaseInstanceIdService { <init>(...); }

# Referenced at full\release\AndroidManifest.xml:209
-keep class com.parse.fcm.ParseFirebaseJobService { <init>(...); }

# Referenced at full\release\AndroidManifest.xml:159
-keep class com.parse.fcm.ParseFirebaseMessagingService { <init>(...); }

# Referenced at res\layout\activity_wash_service_show.xml:290
# Referenced at res\layout\splasher_row.xml:78
-keep class me.zhanghai.android.materialratingbar.MaterialRatingBar { <init>(...); }

# Referenced at res\layout\activity_home.xml:186
# Referenced at res\layout\activity_wash_service_show.xml:52
-keep class net.qiujuer.genius.ui.widget.SeekBar { <init>(...); }

# Referenced at res\layout\activity_account.xml:36
-keepclassmembers class * { *** accChooseFromGallery(...); }

# Referenced at res\layout\activity_account.xml:28
-keepclassmembers class * { *** accTakePhoto(...); }

# Referenced at res\layout\activity_address_addition.xml:28
# Referenced at res\layout\activity_address_addition.xml:56
# Referenced at res\layout\activity_address_addition.xml:93
# Referenced at res\layout\activity_address_addition.xml:121
# Referenced at res\layout\activity_address_addition.xml:149
-keepclassmembers class * { *** addAddress(...); }

# Referenced at res\layout\activity_home.xml:444
-keepclassmembers class * { *** cancelCODets(...); }

# Referenced at res\layout\activity_splasher_client_route.xml:420
-keepclassmembers class * { *** cancelRequest(...); }

# Referenced at res\layout\activity_payment_bill.xml:187
-keepclassmembers class * { *** checkout(...); }

# Referenced at res\layout\activity_splasher_camera.xml:117
-keepclassmembers class * { *** dispatchAfterPictures(...); }

# Referenced at res\layout\activity_splasher_camera.xml:105
-keepclassmembers class * { *** dispatchBeforePictures(...); }

# Referenced at res\layout\activity_splasher_application.xml:327
# Referenced at res\layout\activity_splasher_application.xml:378
# Referenced at res\layout\activity_splasher_application.xml:429
-keepclassmembers class * { *** docsFromCamera(...); }

# Referenced at res\layout\activity_splasher_application.xml:340
# Referenced at res\layout\activity_splasher_application.xml:391
# Referenced at res\layout\activity_splasher_application.xml:442
-keepclassmembers class * { *** docsFromGallery(...); }

# Referenced at res\layout\activity_car_addition.xml:164
-keepclassmembers class * { *** finitoAddingCar(...); }

# Referenced at res\layout\activity_signuplogin.xml:235
-keepclassmembers class * { *** forgotPassword(...); }

# Referenced at res\layout\activity_signuplogin.xml:381
-keepclassmembers class * { *** fpCancel(...); }

# Referenced at res\layout\activity_signuplogin.xml:392
-keepclassmembers class * { *** fpSend(...); }

# Referenced at res\layout\activity_splasher_client_route.xml:313
-keepclassmembers class * { *** getDirections(...); }

# Referenced at res\layout\activity_home.xml:455
-keepclassmembers class * { *** goCODets(...); }

# Referenced at res\layout\activity_wash_service_show.xml:341
-keepclassmembers class * { *** goToCheckout(...); }

# Referenced at res\layout\activity_splasher_camera.xml:313
-keepclassmembers class * { *** iAmDone(...); }

# Referenced at res\layout\activity_home.xml:150
-keepclassmembers class * { *** letsWashACar(...); }

# Referenced at res\layout\activity_signuplogin.xml:290
-keepclassmembers class * { *** logIn(...); }

# Referenced at res\layout\activity_signuplogin.xml:140
-keepclassmembers class * { *** logInSignUpNow(...); }

# Referenced at res\layout\activity_contact_us.xml:58
# Referenced at res\layout\activity_contact_us.xml:82
-keepclassmembers class * { *** photoUpload(...); }

# Referenced at res\layout\activity_splasher_client_route.xml:63
-keepclassmembers class * { *** requestRequestDetails(...); }

# Referenced at res\layout\activity_home.xml:89
-keepclassmembers class * { *** requestRequestSplasherStats(...); }

# Referenced at res\layout\activity_contact_us.xml:127
-keepclassmembers class * { *** sendMessage(...); }

# Referenced at res\layout\activity_signuplogin.xml:277
-keepclassmembers class * { *** signUp(...); }

# Referenced at res\layout\activity_splasher_application.xml:469
-keepclassmembers class * { *** splasherLogIn(...); }

# Referenced at res\layout\activity_splasher_application.xml:458
-keepclassmembers class * { *** splasherSignUp(...); }

# Referenced at res\layout\activity_splasher_camera.xml:37
# Referenced at res\layout\activity_splasher_camera.xml:48
# Referenced at res\layout\activity_splasher_camera.xml:80
# Referenced at res\layout\activity_splasher_camera.xml:91
-keepclassmembers class * { *** takePic(...); }

# Referenced at res\layout\activity_wash_req_params.xml:462
-keepclassmembers class * { *** toCCDetails(...); }

# Referenced at res\layout\activity_wash_service_show.xml:138
# Referenced at res\layout\activity_wash_service_show.xml:179
# Referenced at res\layout\activity_wash_service_show.xml:220
# Referenced at res\layout\activity_wash_service_show.xml:261
-keepclassmembers class * { *** toDetail(...); }

# Referenced at res\layout\activity_signuplogin.xml:173
-keepclassmembers class * { *** toTOU(...); }