SplashApp/build/outputs/mapping/release/seeds.txt
com.nomadapp.splash.R$anim: int abc_fade_in
com.nomadapp.splash.R$anim: int abc_fade_out
com.nomadapp.splash.R$anim: int abc_grow_fade_in_from_bottom
com.nomadapp.splash.R$anim: int abc_popup_enter
com.nomadapp.splash.R$anim: int abc_popup_exit
com.nomadapp.splash.R$anim: int abc_shrink_fade_out_from_bottom
com.nomadapp.splash.R$anim: int abc_slide_in_bottom
com.nomadapp.splash.R$anim: int abc_slide_in_top
com.nomadapp.splash.R$anim: int abc_slide_out_bottom
com.nomadapp.splash.R$anim: int abc_slide_out_top
com.nomadapp.splash.R$anim: int abc_tooltip_enter
com.nomadapp.splash.R$anim: int abc_tooltip_exit
com.nomadapp.splash.R$anim: int cycle
com.nomadapp.splash.R$anim: int design_bottom_sheet_slide_in
com.nomadapp.splash.R$anim: int design_bottom_sheet_slide_out
com.nomadapp.splash.R$anim: int design_snackbar_in
com.nomadapp.splash.R$anim: int design_snackbar_out
com.nomadapp.splash.R$anim: int fadeinout
com.nomadapp.splash.R$anim: int shake
com.nomadapp.splash.R$animator: int design_appbar_state_list_animator
com.nomadapp.splash.R$array: int g_default_loading_fg
com.nomadapp.splash.R$attr: int actionBarDivider
com.nomadapp.splash.R$attr: int actionBarItemBackground
com.nomadapp.splash.R$attr: int actionBarPopupTheme
com.nomadapp.splash.R$attr: int actionBarSize
com.nomadapp.splash.R$attr: int actionBarSplitStyle
com.nomadapp.splash.R$attr: int actionBarStyle
com.nomadapp.splash.R$attr: int actionBarTabBarStyle
com.nomadapp.splash.R$attr: int actionBarTabStyle
com.nomadapp.splash.R$attr: int actionBarTabTextStyle
com.nomadapp.splash.R$attr: int actionBarTheme
com.nomadapp.splash.R$attr: int actionBarWidgetTheme
com.nomadapp.splash.R$attr: int actionButtonStyle
com.nomadapp.splash.R$attr: int actionDropDownStyle
com.nomadapp.splash.R$attr: int actionLayout
com.nomadapp.splash.R$attr: int actionMenuTextAppearance
com.nomadapp.splash.R$attr: int actionMenuTextColor
com.nomadapp.splash.R$attr: int actionModeBackground
com.nomadapp.splash.R$attr: int actionModeCloseButtonStyle
com.nomadapp.splash.R$attr: int actionModeCloseDrawable
com.nomadapp.splash.R$attr: int actionModeCopyDrawable
com.nomadapp.splash.R$attr: int actionModeCutDrawable
com.nomadapp.splash.R$attr: int actionModeFindDrawable
com.nomadapp.splash.R$attr: int actionModePasteDrawable
com.nomadapp.splash.R$attr: int actionModePopupWindowStyle
com.nomadapp.splash.R$attr: int actionModeSelectAllDrawable
com.nomadapp.splash.R$attr: int actionModeShareDrawable
com.nomadapp.splash.R$attr: int actionModeSplitBackground
com.nomadapp.splash.R$attr: int actionModeStyle
com.nomadapp.splash.R$bool: int abc_action_bar_embed_tabs
com.nomadapp.splash.R$bool: int abc_allow_stacked_button_bar
com.nomadapp.splash.R$bool: int abc_config_actionMenuItemAllCaps
com.nomadapp.splash.R$bool: int abc_config_showMenuShortcutsWhenKeyboardPresent
...
com.parse.OfflineStore$26$1$1$2
com.parse.OfflineStore$26$1$1$2: com.parse.OfflineStore$26$1$1 this$3
com.parse.OfflineStore$26$1$1$2: OfflineStore$26$1$1$2(com.parse.OfflineStore$26$1$1)
com.parse.OfflineStore$26$1$1$2: bolts.Task then(bolts.Task)
com.parse.OfflineStore$26$1$1$2: java.lang.Object then(bolts.Task)
com.parse.OfflineStore$27
com.parse.OfflineStore$27: com.parse.ParseObject val$object
com.parse.OfflineStore$27: com.parse.ParseSQLiteDatabase val$db
com.parse.OfflineStore$27: com.parse.OfflineStore this$0
com.parse.OfflineStore$27: OfflineStore$27(com.parse.OfflineStore,com.parse.ParseObject,com.parse.ParseSQLiteDatabase)
com.parse.OfflineStore$27: bolts.Task then(bolts.Task)
com.parse.OfflineStore$27: java.lang.Object then(bolts.Task)
com.parse.OfflineStore$28
com.parse.OfflineStore$28: com.parse.ParseObject val$object
com.parse.OfflineStore$28: org.json.JSONObject val$json
com.parse.OfflineStore$28: java.lang.String val$uuid
com.parse.OfflineStore$28: com.parse.ParseSQLiteDatabase val$db
com.parse.OfflineStore$28: com.parse.OfflineStore this$0
com.parse.OfflineStore$28: OfflineStore$28(com.parse.OfflineStore,com.parse.ParseObject,org.json.JSONObject,java.lang.String,com.parse.ParseSQLiteDatabase)
com.parse.OfflineStore$28: bolts.Task then(bolts.Task)
com.parse.OfflineStore$28: java.lang.Object then(bolts.Task)
com.parse.OfflineStore$29
com.parse.OfflineStore$29: com.parse.ParseObject val$object
com.parse.OfflineStore$29: com.parse.OfflineStore this$0
com.parse.OfflineStore$29: OfflineStore$29(com.parse.OfflineStore,com.parse.ParseObject)
com.parse.OfflineStore$29: bolts.Task then(bolts.Task)
com.parse.OfflineStore$29: java.lang.Object then(bolts.Task)
com.parse.OfflineStore$29$1
com.parse.OfflineStore$29$1: com.parse.ParseSQLiteDatabase val$db
com.parse.OfflineStore$29$1: com.parse.OfflineStore$29 this$1
com.parse.OfflineStore$29$1: OfflineStore$29$1(com.parse.OfflineStore$29,com.parse.ParseSQLiteDatabase)
com.parse.OfflineStore$29$1: bolts.Task then(bolts.Task)
com.parse.OfflineStore$29$1: java.lang.Object then(bolts.Task)
com.parse.OfflineStore$29$1$1
com.parse.OfflineStore$29$1$1: com.parse.OfflineStore$29$1 this$2
com.parse.OfflineStore$29$1$1: OfflineStore$29$1$1(com.parse.OfflineStore$29$1)
com.parse.OfflineStore$29$1$1: bolts.Task then(bolts.Task)
com.parse.OfflineStore$29$1$1: java.lang.Object then(bolts.Task)
com.parse.OfflineStore$29$1$2
com.parse.OfflineStore$29$1$2: com.parse.OfflineStore$29$1 this$2
com.parse.OfflineStore$29$1$2: OfflineStore$29$1$2(com.parse.OfflineStore$29$1)
com.parse.OfflineStore$29$1$2: bolts.Task then(bolts.Task)
com.parse.OfflineStore$29$1$2: java.lang.Object then(bolts.Task)
com.parse.OfflineStore$3
com.parse.OfflineStore$3: java.lang.String val$uuid
com.parse.OfflineStore$3: com.parse.OfflineStore this$0
com.parse.OfflineStore$3: OfflineStore$3(com.parse.OfflineStore,java.lang.String)
com.parse.OfflineStore$3: com.parse.ParseObject then(bolts.Task)
com.parse.OfflineStore$3: java.lang.Object then(bolts.Task)
com.parse.OfflineStore$30
com.parse.OfflineStore$30: bolts.Capture val$uuid
com.parse.OfflineStore$30: com.parse.OfflineStore this$0
com.parse.OfflineStore$30: OfflineStore$30(com.parse.OfflineStore,bolts.Capture)
com.parse.OfflineStore$30: bolts.Task then(bolts.Task)
com.parse.OfflineStore$30: java.lang.Object then(bolts.Task)
com.parse.OfflineStore$31
com.parse.OfflineStore$31: com.parse.ParseSQLiteDatabase val$db
com.parse.OfflineStore$31: com.parse.ParseObject val$object
com.parse.OfflineStore$31: com.parse.OfflineStore this$0
com.parse.OfflineStore$31: OfflineStore$31(com.parse.OfflineStore,com.parse.ParseSQLiteDatabase,com.parse.ParseObject)
com.parse.OfflineStore$31: bolts.Task then(bolts.Task)
com.parse.OfflineStore$31: java.lang.Object then(bolts.Task)