SplashApp/build/outputs/mapping/release/mapping.txt
com.nomadapp.splash.model.constants.PaymeConstants -> com.nomadapp.splash.model.a.a:
    java.lang.Double MARKET_FEE -> a
    java.lang.Double CONSTANT_TRANS_FEE -> b
    7:7:void <init>() -> <init>
    61:63:double splashFeeProcessor(double) -> a
    69:69:double creditCardFeeProcessor(double) -> b
    44:45:void <clinit>() -> <clinit>
com.nomadapp.splash.model.constants.WebConstants -> com.nomadapp.splash.model.a.b:
    13:13:java.lang.String packageName(android.content.Context) -> a
com.nomadapp.splash.model.imagehandler.GlideApp -> com.nomadapp.splash.model.imagehandler.a:
    88:88:com.nomadapp.splash.model.imagehandler.GlideRequests with(android.content.Context) -> a
com.nomadapp.splash.model.imagehandler.GlideImagePlacement -> com.nomadapp.splash.model.imagehandler.b:
    android.content.Context context -> a
    18:20:void <init>(android.content.Context) -> <init>
    28:36:void roundImagePlacementFromString(java.lang.String,android.widget.ImageView) -> a
    38:46:void roundImagePlacementFromUri(android.net.Uri,android.widget.ImageView) -> a
    48:56:void roundImagePlacementFromDrawable(int,android.widget.ImageView) -> a
    59:66:void squaredImagePlacementFromString(java.lang.String,android.widget.ImageView,int) -> a
    68:75:void squaredImagePlacementFromUri(android.net.Uri,android.widget.ImageView,int) -> a
    77:84:void squaredImagePlacementFromDrawable(int,android.widget.ImageView) -> b
com.nomadapp.splash.model.imagehandler.GlideMod -> com.nomadapp.splash.model.imagehandler.GlideMod:
    15:15:void <init>() -> <init>
    19:19:void applyOptions(android.content.Context,com.bumptech.glide.GlideBuilder) -> a
    33:33:void registerComponents(android.content.Context,com.bumptech.glide.Glide,com.bumptech.glide.Registry) -> a
com.nomadapp.splash.model.imagehandler.GlideOptions -> com.nomadapp.splash.model.imagehandler.c:
    32:32:void <init>() -> <init>
    282:282:com.nomadapp.splash.model.imagehandler.GlideOptions sizeMultiplier(float) -> b
    296:296:com.nomadapp.splash.model.imagehandler.GlideOptions useAnimationPool(boolean) -> c
    310:310:com.nomadapp.splash.model.imagehandler.GlideOptions diskCacheStrategy(com.bumptech.glide.load.engine.DiskCacheStrategy) -> c
    317:317:com.nomadapp.splash.model.imagehandler.GlideOptions priority(com.bumptech.glide.Priority) -> b
    352:352:com.nomadapp.splash.model.imagehandler.GlideOptions error(android.graphics.drawable.Drawable) -> b
    373:373:com.nomadapp.splash.model.imagehandler.GlideOptions skipMemoryCache(boolean) -> d
    380:380:com.nomadapp.splash.model.imagehandler.GlideOptions override(int,int) -> b
    394:394:com.nomadapp.splash.model.imagehandler.GlideOptions signature(com.bumptech.glide.load.Key) -> c
    400:400:com.nomadapp.splash.model.imagehandler.GlideOptions clone() -> I
    407:407:com.nomadapp.splash.model.imagehandler.GlideOptions set(com.bumptech.glide.load.Option,java.lang.Object) -> b
    414:414:com.nomadapp.splash.model.imagehandler.GlideOptions decode(java.lang.Class) -> c
    456:456:com.nomadapp.splash.model.imagehandler.GlideOptions downsample(com.bumptech.glide.load.resource.bitmap.DownsampleStrategy) -> b
    463:463:com.nomadapp.splash.model.imagehandler.GlideOptions timeout(int) -> b
...
android.support.v4.graphics.TypefaceCompatUtil -> android.support.v4.a.h:
    61:72:java.io.File getTempFile(android.content.Context) -> a
    81:86:java.nio.ByteBuffer mmap(java.io.File) -> a
    96:107:java.nio.ByteBuffer mmap(android.content.Context,android.os.CancellationSignal,android.net.Uri) -> a
    117:127:java.nio.ByteBuffer copyToDirectBuffer(android.content.Context,android.content.res.Resources,int) -> a
    135:148:boolean copyToFile(java.io.File,java.io.InputStream) -> a
    156:161:boolean copyToFile(java.io.File,android.content.res.Resources,int) -> a
    166:172:void closeQuietly(java.io.Closeable) -> a
android.support.v4.graphics.drawable.DrawableCompat -> android.support.v4.a.a.a:
    java.lang.reflect.Method sSetLayoutDirectionMethod -> a
    boolean sSetLayoutDirectionMethodFetched -> b
    java.lang.reflect.Method sGetLayoutDirectionMethod -> c
    boolean sGetLayoutDirectionMethodFetched -> d
    61:62:void jumpToCurrentState(android.graphics.drawable.Drawable) -> a
    77:80:void setAutoMirrored(android.graphics.drawable.Drawable,boolean) -> a
    94:97:boolean isAutoMirrored(android.graphics.drawable.Drawable) -> b
    109:112:void setHotspot(android.graphics.drawable.Drawable,float,float) -> a
    122:125:void setHotspotBounds(android.graphics.drawable.Drawable,int,int,int,int) -> a
    134:139:void setTint(android.graphics.drawable.Drawable,int) -> a
    148:153:void setTintList(android.graphics.drawable.Drawable,android.content.res.ColorStateList) -> a
    162:167:void setTintMode(android.graphics.drawable.Drawable,android.graphics.PorterDuff$Mode) -> a
    176:179:int getAlpha(android.graphics.drawable.Drawable) -> c
    187:190:void applyTheme(android.graphics.drawable.Drawable,android.content.res.Resources$Theme) -> a
    196:199:boolean canApplyTheme(android.graphics.drawable.Drawable) -> d
    209:212:android.graphics.ColorFilter getColorFilter(android.graphics.drawable.Drawable) -> e
android.support.v4.graphics.drawable.TintAwareDrawable -> android.support.v4.a.a.b:
    void setTint(int) -> setTint
    void setTintList(android.content.res.ColorStateList) -> setTintList
    void setTintMode(android.graphics.PorterDuff$Mode) -> setTintMode
android.support.v4.graphics.drawable.WrappedDrawable -> android.support.v4.a.a.c:
    android.graphics.drawable.Drawable getWrappedDrawable() -> a
    void setWrappedDrawable(android.graphics.drawable.Drawable) -> a
android.support.v4.graphics.drawable.WrappedDrawableApi14 -> android.support.v4.a.a.d:
    android.graphics.PorterDuff$Mode DEFAULT_TINT_MODE -> a
    int mCurrentColor -> d
    android.graphics.PorterDuff$Mode mCurrentMode -> e
    boolean mColorFilterSet -> f
    android.support.v4.graphics.drawable.WrappedDrawableApi14$DrawableWrapperState mState -> b
    boolean mMutated -> g
    android.graphics.drawable.Drawable mDrawable -> c
    50:53:void <init>(android.support.v4.graphics.drawable.WrappedDrawableApi14$DrawableWrapperState,android.content.res.Resources) -> <init>
    60:64:void <init>(android.graphics.drawable.Drawable) -> <init>
    72:75:void updateLocalState(android.content.res.Resources) -> a
    79:80:void jumpToCurrentState() -> jumpToCurrentState
    84:85:void draw(android.graphics.Canvas) -> draw
    89:92:void onBoundsChange(android.graphics.Rect) -> onBoundsChange
    96:97:void setChangingConfigurations(int) -> setChangingConfigurations
    101:103:int getChangingConfigurations() -> getChangingConfigurations
    108:109:void setDither(boolean) -> setDither
    113:114:void setFilterBitmap(boolean) -> setFilterBitmap
    118:119:void setAlpha(int) -> setAlpha
    123:124:void setColorFilter(android.graphics.ColorFilter) -> setColorFilter
    128:131:boolean isStateful() -> isStateful
    136:138:boolean setState(int[]) -> setState
    144:144:int[] getState() -> getState
    150:150:android.graphics.drawable.Drawable getCurrent() -> getCurrent