SplashApp/build/outputs/mapping/release/usage.txt
com.nomadapp.splash.BuildConfig
com.nomadapp.splash.Manifest
com.nomadapp.splash.Manifest$permission
com.nomadapp.splash.R
com.nomadapp.splash.R$anim
com.nomadapp.splash.R$animator
com.nomadapp.splash.R$array
com.nomadapp.splash.R$attr
com.nomadapp.splash.R$bool
com.nomadapp.splash.R$color
com.nomadapp.splash.R$dimen
com.nomadapp.splash.R$drawable
com.nomadapp.splash.R$id
com.nomadapp.splash.R$integer
com.nomadapp.splash.R$interpolator
com.nomadapp.splash.R$layout
com.nomadapp.splash.R$menu
com.nomadapp.splash.R$mipmap
com.nomadapp.splash.R$raw
com.nomadapp.splash.R$string
com.nomadapp.splash.R$style
com.nomadapp.splash.R$styleable
com.nomadapp.splash.R$xml
com.nomadapp.splash.model.constants.CarConstantsLocalDB
com.nomadapp.splash.model.constants.PaymeConstants:
    public static final java.lang.String PAYMENT_CLIENT_KEY
    public static final java.lang.String SPLASH_SELLER_KEY
    public static final java.lang.String CREATE_SELLER_URL
    public static final java.lang.String GENERATE_SALE_URL
    public static final java.lang.String SELLER_DESCRIPTION
    public static final java.lang.String SELLER_SITE_URL
    public static final java.lang.String SELLER_PERSON_BUSINESS_TYPE
    public static final int SELLER_INC
    public static final java.lang.String SELLER_COUNTRY
    public static final java.lang.String MONTHLY_CREDIT_TRACK
    public static final java.lang.String PRODUCT_NAME
    public static final int INSTALLMENTS
    public static final double STATIC_TEMPORAL_PRICE
com.nomadapp.splash.model.constants.WebConstants:
    public static final java.lang.String FEEDBACK_URL
    public static final java.lang.String FEEDBACK_URL_BACKUP
    public static final java.lang.String PAYME_TERMS_OF_USE
    public static final java.lang.String PRIVACY_POLICY
    public static final java.lang.String TERMS_OF_USE
    public static final java.lang.String FAQ
    9:9:public WebConstants()
com.nomadapp.splash.model.imagehandler.GlideApp:
    28:29:private GlideApp()
    36:36:public static java.io.File getPhotoCacheDir(android.content.Context)
    44:44:public static java.io.File getPhotoCacheDir(android.content.Context,java.lang.String)
    52:52:public static com.bumptech.glide.Glide get(android.content.Context)
    62:63:public static void init(com.bumptech.glide.Glide)
    71:72:public static void init(android.content.Context,com.bumptech.glide.GlideBuilder)
    80:81:public static void tearDown()
    96:96:public static com.nomadapp.splash.model.imagehandler.GlideRequests with(android.app.Activity)
    104:104:public static com.nomadapp.splash.model.imagehandler.GlideRequests with(android.support.v4.app.FragmentActivity)
    112:112:public static com.nomadapp.splash.model.imagehandler.GlideRequests with(android.support.v4.app.Fragment)
    121:121:public static com.nomadapp.splash.model.imagehandler.GlideRequests with(android.app.Fragment)
    129:129:public static com.nomadapp.splash.model.imagehandler.GlideRequests with(android.view.View)
...
com.google.android.gms.internal.nearby.zzey
com.google.android.gms.internal.nearby.zzez
com.google.android.gms.internal.nearby.zzf
com.google.android.gms.internal.nearby.zzfa
com.google.android.gms.internal.nearby.zzfb
com.google.android.gms.internal.nearby.zzfc
com.google.android.gms.internal.nearby.zzfd
com.google.android.gms.internal.nearby.zzfe
com.google.android.gms.internal.nearby.zzff
com.google.android.gms.internal.nearby.zzfg
com.google.android.gms.internal.nearby.zzfh
com.google.android.gms.internal.nearby.zzfi
com.google.android.gms.internal.nearby.zzfj
com.google.android.gms.internal.nearby.zzfk
com.google.android.gms.internal.nearby.zzfl
com.google.android.gms.internal.nearby.zzfm
com.google.android.gms.internal.nearby.zzfn
com.google.android.gms.internal.nearby.zzfo
com.google.android.gms.internal.nearby.zzfp
com.google.android.gms.internal.nearby.zzfq
com.google.android.gms.internal.nearby.zzfr
com.google.android.gms.internal.nearby.zzfs
com.google.android.gms.internal.nearby.zzft
com.google.android.gms.internal.nearby.zzfu
com.google.android.gms.internal.nearby.zzfv
com.google.android.gms.internal.nearby.zzfw
com.google.android.gms.internal.nearby.zzfx
com.google.android.gms.internal.nearby.zzfy
com.google.android.gms.internal.nearby.zzfz
com.google.android.gms.internal.nearby.zzg
com.google.android.gms.internal.nearby.zzga
com.google.android.gms.internal.nearby.zzgb
com.google.android.gms.internal.nearby.zzgc
com.google.android.gms.internal.nearby.zzgd
com.google.android.gms.internal.nearby.zzge
com.google.android.gms.internal.nearby.zzgf
com.google.android.gms.internal.nearby.zzgg
com.google.android.gms.internal.nearby.zzgh
com.google.android.gms.internal.nearby.zzgi
com.google.android.gms.internal.nearby.zzgj
com.google.android.gms.internal.nearby.zzgk
com.google.android.gms.internal.nearby.zzgl
com.google.android.gms.internal.nearby.zzgm
com.google.android.gms.internal.nearby.zzgn
com.google.android.gms.internal.nearby.zzgo
com.google.android.gms.internal.nearby.zzgp
com.google.android.gms.internal.nearby.zzgq
com.google.android.gms.internal.nearby.zzgr
com.google.android.gms.internal.nearby.zzgs
com.google.android.gms.internal.nearby.zzgt
com.google.android.gms.internal.nearby.zzgu
com.google.android.gms.internal.nearby.zzgv
com.google.android.gms.internal.nearby.zzgw
com.google.android.gms.internal.nearby.zzgx
com.google.android.gms.internal.nearby.zzgy
com.google.android.gms.internal.nearby.zzgz
com.google.android.gms.internal.nearby.zzh
com.google.android.gms.internal.nearby.zzha
com.google.android.gms.internal.nearby.zzhb
com.google.android.gms.internal.nearby.zzhc
com.google.android.gms.internal.nearby.zzhd
com.google.android.gms.internal.nearby.zzhe
com.google.android.gms.internal.nearby.zzhf
com.google.android.gms.internal.nearby.zzi
com.google.android.gms.internal.nearby.zzj
com.google.android.gms.internal.nearby.zzk
com.google.android.gms.internal.nearby.zzl
com.google.android.gms.internal.nearby.zzm
com.google.android.gms.internal.nearby.zzn
com.google.android.gms.internal.nearby.zzo
com.google.android.gms.internal.nearby.zzp
com.google.android.gms.internal.nearby.zzq
com.google.android.gms.internal.nearby.zzr
com.google.android.gms.internal.nearby.zzs
com.google.android.gms.internal.nearby.zzt
com.google.android.gms.internal.nearby.zzu
com.google.android.gms.internal.nearby.zzv
com.google.android.gms.internal.nearby.zzw
com.google.android.gms.internal.nearby.zzx
com.google.android.gms.internal.nearby.zzy
com.google.android.gms.internal.nearby.zzz
com.google.android.gms.internal.places.zzb
com.google.android.gms.internal.places.zzc
com.google.android.gms.internal.places.zzd
com.google.android.gms.internal.places.zzdl
com.google.android.gms.internal.places.zzdm
com.google.android.gms.internal.places.zzdn
com.google.android.gms.internal.places.zzdo
com.google.android.gms.internal.places.zzdp
com.google.android.gms.internal.places.zzdq
com.google.android.gms.internal.places.zze